<?xml version="1.0" encoding="UTF-8"?>
<testng-results skipped="0" failed="1" ignored="2" total="4" passed="1">
  <reporter-output>
  </reporter-output>
  <suite name="LoginSuite" duration-ms="51084" started-at="2017-09-10T20:22:11Z" finished-at="2017-09-10T20:23:02Z">
    <groups>
    </groups>
    <test name="LoginTest" duration-ms="51084" started-at="2017-09-10T20:22:11Z" finished-at="2017-09-10T20:23:02Z">
      <class name="testSuites.HighExclusionExpected">
        <test-method status="PASS" signature="testSetUp()[pri:0, instance:testSuites.HighExclusionExpected@707194ba]" name="testSetUp" is-config="true" duration-ms="0" started-at="2017-09-10T16:22:31Z" finished-at="2017-09-10T16:22:31Z">
          <reporter-output>
          </reporter-output>
        </test-method> <!-- testSetUp -->
        <test-method status="FAIL" signature="dashboardTest()[pri:0, instance:testSuites.HighExclusionExpected@707194ba]" name="dashboardTest" duration-ms="30517" started-at="2017-09-10T16:22:31Z" finished-at="2017-09-10T16:23:02Z">
          <exception class="org.openqa.selenium.NoSuchElementException">
            <message>
              <![CDATA[Unable to locate element: html/body/ul/li/div
For documentation on this error, please visit: http://seleniumhq.org/exceptions/no_such_element.html
Build info: version: 'unknown', revision: 'unknown', time: 'unknown'
System info: host: 'SUNNY', ip: '192.168.1.191', os.name: 'Windows 10', os.arch: 'amd64', os.version: '10.0', java.version: '1.8.0_111'
Driver info: org.openqa.selenium.firefox.FirefoxDriver
Capabilities [{moz:profile=C:\Users\SANATH~1\AppData\Local\Temp\rust_mozprofile.M0QyLqwDqcks, rotatable=false, timeouts={implicit=0, pageLoad=300000, script=30000}, pageLoadStrategy=normal, platform=XP, specificationLevel=0, moz:accessibilityChecks=false, acceptInsecureCerts=false, browserVersion=55.0.3, platformVersion=10.0, moz:processID=12764, browserName=firefox, javascriptEnabled=true, platformName=XP}]
Session ID: c71562af-5f64-4a77-b5cc-801606097e44
*** Element info: {Using=xpath, value=html/body/ul/li/div}]]>
            </message>
            <full-stacktrace>
              <![CDATA[org.openqa.selenium.NoSuchElementException: Unable to locate element: html/body/ul/li/div
For documentation on this error, please visit: http://seleniumhq.org/exceptions/no_such_element.html
Build info: version: 'unknown', revision: 'unknown', time: 'unknown'
System info: host: 'SUNNY', ip: '192.168.1.191', os.name: 'Windows 10', os.arch: 'amd64', os.version: '10.0', java.version: '1.8.0_111'
Driver info: org.openqa.selenium.firefox.FirefoxDriver
Capabilities [{moz:profile=C:\Users\SANATH~1\AppData\Local\Temp\rust_mozprofile.M0QyLqwDqcks, rotatable=false, timeouts={implicit=0, pageLoad=300000, script=30000}, pageLoadStrategy=normal, platform=XP, specificationLevel=0, moz:accessibilityChecks=false, acceptInsecureCerts=false, browserVersion=55.0.3, platformVersion=10.0, moz:processID=12764, browserName=firefox, javascriptEnabled=true, platformName=XP}]
Session ID: c71562af-5f64-4a77-b5cc-801606097e44
*** Element info: {Using=xpath, value=html/body/ul/li/div}
	at sun.reflect.NativeConstructorAccessorImpl.newInstance0(Native Method)
	at sun.reflect.NativeConstructorAccessorImpl.newInstance(Unknown Source)
	at sun.reflect.DelegatingConstructorAccessorImpl.newInstance(Unknown Source)
	at java.lang.reflect.Constructor.newInstance(Unknown Source)
	at org.openqa.selenium.remote.http.W3CHttpResponseCodec.createException(W3CHttpResponseCodec.java:185)
	at org.openqa.selenium.remote.http.W3CHttpResponseCodec.decode(W3CHttpResponseCodec.java:120)
	at org.openqa.selenium.remote.http.W3CHttpResponseCodec.decode(W3CHttpResponseCodec.java:49)
	at org.openqa.selenium.remote.HttpCommandExecutor.execute(HttpCommandExecutor.java:164)
	at org.openqa.selenium.remote.service.DriverCommandExecutor.execute(DriverCommandExecutor.java:82)
	at org.openqa.selenium.remote.RemoteWebDriver.execute(RemoteWebDriver.java:646)
	at org.openqa.selenium.remote.RemoteWebDriver.findElement(RemoteWebDriver.java:416)
	at org.openqa.selenium.remote.RemoteWebDriver.findElementByXPath(RemoteWebDriver.java:518)
	at org.openqa.selenium.By$ByXPath.findElement(By.java:361)
	at org.openqa.selenium.remote.RemoteWebDriver.findElement(RemoteWebDriver.java:408)
	at pageObjects.DashboardPage.selectMeasureName(DashboardPage.java:120)
	at testSuites.HighExclusionExpected.dashboardTest(HighExclusionExpected.java:30)
	at sun.reflect.NativeMethodAccessorImpl.invoke0(Native Method)
	at sun.reflect.NativeMethodAccessorImpl.invoke(Unknown Source)
	at sun.reflect.DelegatingMethodAccessorImpl.invoke(Unknown Source)
	at java.lang.reflect.Method.invoke(Unknown Source)
	at org.testng.internal.MethodInvocationHelper.invokeMethod(MethodInvocationHelper.java:108)
	at org.testng.internal.Invoker.invokeMethod(Invoker.java:661)
	at org.testng.internal.Invoker.invokeTestMethod(Invoker.java:869)
	at org.testng.internal.Invoker.invokeTestMethods(Invoker.java:1193)
	at org.testng.internal.TestMethodWorker.invokeTestMethods(TestMethodWorker.java:126)
	at org.testng.internal.TestMethodWorker.run(TestMethodWorker.java:109)
	at org.testng.TestRunner.privateRun(TestRunner.java:744)
	at org.testng.TestRunner.run(TestRunner.java:602)
	at org.testng.SuiteRunner.runTest(SuiteRunner.java:380)
	at org.testng.SuiteRunner.runSequentially(SuiteRunner.java:375)
	at org.testng.SuiteRunner.privateRun(SuiteRunner.java:340)
	at org.testng.SuiteRunner.run(SuiteRunner.java:289)
	at org.testng.SuiteRunnerWorker.runSuite(SuiteRunnerWorker.java:52)
	at org.testng.SuiteRunnerWorker.run(SuiteRunnerWorker.java:86)
	at org.testng.TestNG.runSuitesSequentially(TestNG.java:1301)
	at org.testng.TestNG.runSuitesLocally(TestNG.java:1226)
	at org.testng.TestNG.runSuites(TestNG.java:1144)
	at org.testng.TestNG.run(TestNG.java:1115)
	at org.testng.remote.AbstractRemoteTestNG.run(AbstractRemoteTestNG.java:132)
	at org.testng.remote.RemoteTestNG.initAndRun(RemoteTestNG.java:230)
	at org.testng.remote.RemoteTestNG.main(RemoteTestNG.java:76)
]]>
            </full-stacktrace>
          </exception> <!-- org.openqa.selenium.NoSuchElementException -->
          <reporter-output>
          </reporter-output>
        </test-method> <!-- dashboardTest -->
      </class> <!-- testSuites.HighExclusionExpected -->
      <class name="testSuites.TestLogin">
        <test-method status="PASS" signature="setUp()[pri:0, instance:testSuites.TestLogin@75db5df9]" name="setUp" is-config="true" duration-ms="11252" started-at="2017-09-10T16:21:59Z" finished-at="2017-09-10T16:22:11Z">
          <reporter-output>
          </reporter-output>
        </test-method> <!-- setUp -->
        <test-method status="PASS" signature="testSetUp()[pri:0, instance:testSuites.TestLogin@75db5df9]" name="testSetUp" is-config="true" duration-ms="7" started-at="2017-09-10T16:22:11Z" finished-at="2017-09-10T16:22:11Z">
          <reporter-output>
          </reporter-output>
        </test-method> <!-- testSetUp -->
        <test-method status="PASS" signature="loginTest(java.lang.String, java.lang.String)[pri:0, instance:testSuites.TestLogin@75db5df9]" name="loginTest" duration-ms="20497" started-at="2017-09-10T16:22:11Z" data-provider="getData" finished-at="2017-09-10T16:22:31Z">
          <params>
            <param index="0">
              <value>
                <![CDATA[archadda_admin]]>
              </value>
            </param>
            <param index="1">
              <value>
                <![CDATA[admin123]]>
              </value>
            </param>
          </params>
          <reporter-output>
          </reporter-output>
        </test-method> <!-- loginTest -->
        <test-method status="PASS" signature="tearDown()[pri:0, instance:testSuites.TestLogin@75db5df9]" name="tearDown" is-config="true" duration-ms="11787" started-at="2017-09-10T16:23:02Z" finished-at="2017-09-10T16:23:14Z">
          <reporter-output>
          </reporter-output>
        </test-method> <!-- tearDown -->
      </class> <!-- testSuites.TestLogin -->
    </test> <!-- LoginTest -->
  </suite> <!-- LoginSuite -->
</testng-results>
